<?xml version="1.0" encoding="UTF-8"?>
<!-- Generated by org.testng.reporters.JUnitReportReporter -->
<testsuite hostname="DESKTOP-DA1V3E2" failures="0" tests="10" name="runner.WebApp" time="213.646" errors="0" timestamp="2022-01-17T14:25:04 IST" skipped="0">
  <testcase classname="runner.WebApp" name="HomePage" time="9.838"/>
  <system-out/>
  <testcase classname="runner.WebApp" name="SignUp" time="10.472"/>
  <system-out/>
  <testcase classname="runner.WebApp" name="HomepageLogin" time="17.774"/>
  <system-out/>
  <testcase classname="runner.WebApp" name="AboutPage" time="15.808"/>
  <system-out/>
  <testcase classname="runner.WebApp" name="ContactPage" time="15.478"/>
  <system-out/>
  <testcase classname="runner.WebApp" name="OnewayPage" time="23.694"/>
  <system-out/>
  <testcase classname="runner.WebApp" name="LocalPage" time="24.148"/>
  <system-out/>
  <testcase classname="runner.WebApp" name="OutstationPage" time="38.488"/>
  <system-out/>
  <testcase classname="runner.WebApp" name="AirportPage" time="34.105"/>
  <system-out/>
  <testcase classname="runner.WebApp" name="CorporatePage" time="23.841"/>
  <system-out/>
</testsuite> <!-- runner.WebApp -->
